<?xml version="1.0" encoding="UTF-8"?>
<testsuite xmlns:xsi="http://www.w3.org/2001/XMLSchema-instance" xsi:noNamespaceSchemaLocation="https://maven.apache.org/surefire/maven-surefire-plugin/xsd/surefire-test-report-3.0.xsd" version="3.0" name="com.Runner.TestRunner" time="14.886" tests="2" errors="0" skipped="0" failures="0">
  <properties>
[...]
</properties>
  <testcase name="Verify if Place is being successfully added using AddPlace API" classname="Validating place API&apos;s" time="12.85">
    <system-out><![CDATA[
@AddPlace @Regression
Scenario Outline: Verify if Place is being successfully added using AddPlace API # src/test/java/com/Feature/PlaceValidation.feature:33
  Given Add Place Payload with "AAhouse" "English" "2552 Street Avenue"          # com.stepDefinition.StepDefinition.add_Place_Payload_with(java.lang.String,java.lang.String,java.lang.String)
/maps/api/place/add/json
  When User calls "AddPlaceAPI" with "POST" http request                         # com.stepDefinition.StepDefinition.user_calls_with_http_request(java.lang.String,java.lang.String)
  Then The API call got success with code is 200                                 # com.stepDefinition.StepDefinition.the_API_call_got_success_with_code_is(java.lang.Integer)
  And "status" in response body is "OK"                                          # com.stepDefinition.StepDefinition.in_response_body_is(java.lang.String,java.lang.String)
  And "scope" in response body is "APP"                                          # com.stepDefinition.StepDefinition.in_response_body_is(java.lang.String,java.lang.String)
/maps/api/place/get/json
  And Verify place_Id created maps to "AAhouse" using "GetPlaceAPI"              # com.stepDefinition.StepDefinition.verify_place_Id_created_maps_to_using(java.lang.String,java.lang.String)
]]></system-out>
    <system-err><![CDATA[Jun 14, 2023 6:44:18 PM io.cucumber.core.options.CucumberPropertiesParser parse
WARNING: Passing commandline options via the property `cucumber.options` has been deprecatedin favour of explicitly using property names.
Please use these instead: [cucumber.ansi-colors.disabled, cucumber.execution.dry-run, cucumber.execution.limit, cucumber.execution.order, cucumber.execution.strict, cucumber.execution.wip, cucumber.features, cucumber.filter.name, cucumber.filter.tags, cucumber.glue, cucumber.object-factory, cucumber.plugin, cucumber.snippet-type]
]]></system-err>
  </testcase>
  <testcase name="Verify if delete place is working" classname="Validating place API&apos;s" time="0.68">
    <system-out><![CDATA[
@DeletePlace @Regression
Scenario: Verify if delete place is working                 # src/test/java/com/Feature/PlaceValidation.feature:37
  Given DeletePlace playload                                # com.stepDefinition.StepDefinition.deleteplace_playload()
/maps/api/place/delete/json
  When User calls "DeletePlaceAPI" with "POST" http request # com.stepDefinition.StepDefinition.user_calls_with_http_request(java.lang.String,java.lang.String)
  Then The API call got success with code is 200            # com.stepDefinition.StepDefinition.the_API_call_got_success_with_code_is(java.lang.Integer)
  And "status" in response body is "OK"                     # com.stepDefinition.StepDefinition.in_response_body_is(java.lang.String,java.lang.String)
]]></system-out>
  </testcase>
</testsuite>